<?xml version="1.0" encoding="UTF-8"?>
<!-- Generated by org.testng.reporters.JUnitXMLReporter -->
<testsuite ignored="0" hostname="DESKTOP-2VGDDF5" failures="0" tests="3" name="Default test" time="0.163" errors="0" timestamp="2022-05-14T22:59:49 IST">
  <testcase classname="com.crm.Campaign.CampaignTest" name="createCampaignTest" time="0.03"/>
  <testcase classname="com.crm.Campaign.CampaignTest" name="deleteCampaignTest" time="0.005"/>
  <testcase classname="com.crm.Campaign.CampaignTest" name="modifyCampaignTest" time="0.006"/>
</testsuite> <!-- Default test -->
