<?xml version="1.0" encoding="UTF-8"?>
<testng-results ignored="0" total="3" passed="3" failed="0" skipped="0">
  <reporter-output>
  </reporter-output>
  <suite started-at="2022-05-14T22:59:49 IST" name="Default suite" finished-at="2022-05-14T22:59:49 IST" duration-ms="163">
    <groups>
      <group name="SmokeTest">
        <method signature="CampaignTest.createCampaignTest()[pri:0, instance:com.crm.Campaign.CampaignTest@3c947bc5]" name="createCampaignTest" class="com.crm.Campaign.CampaignTest"/>
      </group> <!-- SmokeTest -->
      <group name="RegressionTest">
        <method signature="CampaignTest.deleteCampaignTest()[pri:0, instance:com.crm.Campaign.CampaignTest@3c947bc5]" name="deleteCampaignTest" class="com.crm.Campaign.CampaignTest"/>
        <method signature="CampaignTest.modifyCampaignTest()[pri:0, instance:com.crm.Campaign.CampaignTest@3c947bc5]" name="modifyCampaignTest" class="com.crm.Campaign.CampaignTest"/>
      </group> <!-- RegressionTest -->
    </groups>
    <test started-at="2022-05-14T22:59:49 IST" name="Default test" finished-at="2022-05-14T22:59:49 IST" duration-ms="163">
      <class name="com.crm.Campaign.CampaignTest">
        <test-method signature="createCampaignTest()[pri:0, instance:com.crm.Campaign.CampaignTest@3c947bc5]" started-at="2022-05-14T22:59:49 IST" name="createCampaignTest" finished-at="2022-05-14T22:59:49 IST" duration-ms="30" status="PASS">
          <reporter-output>
          </reporter-output>
        </test-method> <!-- createCampaignTest -->
        <test-method signature="deleteCampaignTest()[pri:0, instance:com.crm.Campaign.CampaignTest@3c947bc5]" started-at="2022-05-14T22:59:49 IST" name="deleteCampaignTest" finished-at="2022-05-14T22:59:49 IST" duration-ms="5" status="PASS">
          <reporter-output>
          </reporter-output>
        </test-method> <!-- deleteCampaignTest -->
        <test-method signature="modifyCampaignTest()[pri:0, instance:com.crm.Campaign.CampaignTest@3c947bc5]" started-at="2022-05-14T22:59:49 IST" name="modifyCampaignTest" finished-at="2022-05-14T22:59:49 IST" duration-ms="6" status="PASS">
          <reporter-output>
          </reporter-output>
        </test-method> <!-- modifyCampaignTest -->
      </class> <!-- com.crm.Campaign.CampaignTest -->
    </test> <!-- Default test -->
  </suite> <!-- Default suite -->
</testng-results>
